

*******************************************************************************
Fri Oct 16 12:11:20 2020


FIT:    data read from 'datos.txt'
        format = z
        #datapoints = 6
        residuals are weighted equally (unit weight)

function used for fitting: f(x)
	f(x) = A*x**B
fitted parameters initialized with current variable values

iter      chisq       delta/lim  lambda   A             B            
   0 1.5678685641e+08   0.00e+00  6.81e+04    1.000000e-04   3.000000e+00
   9 2.0407829591e+01  -1.61e-03  6.81e-05   -2.691406e-03  -2.433561e+02

After 9 iterations the fit converged.
final sum of squares of residuals : 20.4078
rel. change during last iteration : -1.60725e-08

degrees of freedom    (FIT_NDF)                        : 4
rms of residuals      (FIT_STDFIT) = sqrt(WSSR/ndf)    : 2.25875
variance of residuals (reduced chisquare) = WSSR/ndf   : 5.10196

Final set of parameters            Asymptotic Standard Error
=======================            ==========================
A               = -0.00269141      +/- 2.259        (8.392e+04%)
B               = -243.356         +/- 2.381e+76    (9.782e+75%)

correlation matrix of the fit parameters:
                A      B      
A               1.000 
B               0.000  1.000 


*******************************************************************************
Fri Oct 16 12:14:05 2020


FIT:    data read from 'datos.txt'
        format = z
        #datapoints = 7
        residuals are weighted equally (unit weight)

function used for fitting: f(x)
	f(x) = A*x**B
fitted parameters initialized with current variable values

iter      chisq       delta/lim  lambda   A             B            
   0 1.0150589176e+10   0.00e+00  5.64e+05    1.000000e-04   3.000000e+00
   9 9.8071567449e+02  -1.58e-07  5.64e-04   -1.516806e-03  -5.467689e+01

After 9 iterations the fit converged.
final sum of squares of residuals : 980.716
rel. change during last iteration : -1.58141e-12

degrees of freedom    (FIT_NDF)                        : 5
rms of residuals      (FIT_STDFIT) = sqrt(WSSR/ndf)    : 14.0051
variance of residuals (reduced chisquare) = WSSR/ndf   : 196.143

Final set of parameters            Asymptotic Standard Error
=======================            ==========================
A               = -0.00151681      +/- 14.01        (9.233e+05%)
B               = -54.6769         +/- 3.909e+20    (7.15e+20%)

correlation matrix of the fit parameters:
                A      B      
A               1.000 
B               0.000  1.000 


*******************************************************************************
Mon Oct 19 15:03:00 2020


FIT:    data read from 'valores_propios.txt'
        format = z
        #datapoints = 6
        residuals are weighted equally (unit weight)

function used for fitting: f(x)
	f(x) = A*x**B
fitted parameters initialized with current variable values

iter      chisq       delta/lim  lambda   A             B            
   0 3.6547518237e+04   0.00e+00  9.73e+02    1.000000e+00   1.000000e+00
1486 2.5630298689e-01  -5.70e-04  9.73e-04    6.329945e-06   2.930371e+00

After 1486 iterations the fit converged.
final sum of squares of residuals : 0.256303
rel. change during last iteration : -5.70232e-09

degrees of freedom    (FIT_NDF)                        : 4
rms of residuals      (FIT_STDFIT) = sqrt(WSSR/ndf)    : 0.253132
variance of residuals (reduced chisquare) = WSSR/ndf   : 0.0640757

Final set of parameters            Asymptotic Standard Error
=======================            ==========================
A               = 6.32995e-06      +/- 3.006e-07    (4.749%)
B               = 2.93037          +/- 0.007577     (0.2586%)

correlation matrix of the fit parameters:
                A      B      
A               1.000 
B              -1.000  1.000 


*******************************************************************************
Mon Oct 19 15:04:18 2020


FIT:    data read from 'valores_propios.txt'
        format = z
        #datapoints = 6
        residuals are weighted equally (unit weight)

function used for fitting: f(x)
	f(x) = A*x**B
fitted parameters initialized with current variable values

iter      chisq       delta/lim  lambda   A             B            
   0 1.4427493214e+08   0.00e+00  6.81e+04    1.000000e-04   3.000000e+00
 725 2.5630298689e-01  -3.73e-04  6.81e-04    6.329945e-06   2.930371e+00

After 725 iterations the fit converged.
final sum of squares of residuals : 0.256303
rel. change during last iteration : -3.7285e-09

degrees of freedom    (FIT_NDF)                        : 4
rms of residuals      (FIT_STDFIT) = sqrt(WSSR/ndf)    : 0.253132
variance of residuals (reduced chisquare) = WSSR/ndf   : 0.0640757

Final set of parameters            Asymptotic Standard Error
=======================            ==========================
A               = 6.32995e-06      +/- 3.006e-07    (4.749%)
B               = 2.93037          +/- 0.007577     (0.2586%)

correlation matrix of the fit parameters:
                A      B      
A               1.000 
B              -1.000  1.000 


*******************************************************************************
Mon Oct 19 15:30:16 2020


FIT:    data read from 'valores_propios.txt'
        format = z
        #datapoints = 6
        residuals are weighted equally (unit weight)

function used for fitting: f(x)
	f(x) = A*x**B
fitted parameters initialized with current variable values

iter      chisq       delta/lim  lambda   A             B            
   0 1.4416559350e+08   0.00e+00  6.81e+04    1.000000e-04   3.000000e+00
 694 1.9485409149e-01  -7.90e-01  6.81e-03    7.013870e-06   2.915269e+00

After 694 iterations the fit converged.
final sum of squares of residuals : 0.194854
rel. change during last iteration : -7.89664e-06

degrees of freedom    (FIT_NDF)                        : 4
rms of residuals      (FIT_STDFIT) = sqrt(WSSR/ndf)    : 0.220711
variance of residuals (reduced chisquare) = WSSR/ndf   : 0.0487135

Final set of parameters            Asymptotic Standard Error
=======================            ==========================
A               = 7.01387e-06      +/- 2.838e-07    (4.047%)
B               = 2.91527          +/- 0.006457     (0.2215%)

correlation matrix of the fit parameters:
                A      B      
A               1.000 
B              -1.000  1.000 


*******************************************************************************
Mon Oct 19 15:48:48 2020


FIT:    data read from 'valores_propios.txt'
        format = z
        #datapoints = 6
        residuals are weighted equally (unit weight)

function used for fitting: f(x)
	f(x) = A*x**B
fitted parameters initialized with current variable values

iter      chisq       delta/lim  lambda   A             B            
   0 1.4416559350e+08   0.00e+00  6.81e+04    1.000000e-04   3.000000e+00
 694 1.9485409149e-01  -7.90e-01  6.81e-03    7.013870e-06   2.915269e+00

After 694 iterations the fit converged.
final sum of squares of residuals : 0.194854
rel. change during last iteration : -7.89664e-06

degrees of freedom    (FIT_NDF)                        : 4
rms of residuals      (FIT_STDFIT) = sqrt(WSSR/ndf)    : 0.220711
variance of residuals (reduced chisquare) = WSSR/ndf   : 0.0487135

Final set of parameters            Asymptotic Standard Error
=======================            ==========================
A               = 7.01387e-06      +/- 2.838e-07    (4.047%)
B               = 2.91527          +/- 0.006457     (0.2215%)

correlation matrix of the fit parameters:
                A      B      
A               1.000 
B              -1.000  1.000 


*******************************************************************************
Mon Oct 19 17:05:50 2020


FIT:    data read from 'valores_propios.txt'
        format = z
        #datapoints = 6
        residuals are weighted equally (unit weight)

function used for fitting: f(x)
	f(x) = A*x**B
fitted parameters initialized with current variable values

iter      chisq       delta/lim  lambda   A             B            
   0 1.4404148600e+08   0.00e+00  6.81e+04    1.000000e-04   3.000000e+00
 717 1.5049188329e-01  -7.87e-04  6.81e-04    6.808943e-06   2.921640e+00

After 717 iterations the fit converged.
final sum of squares of residuals : 0.150492
rel. change during last iteration : -7.86597e-09

degrees of freedom    (FIT_NDF)                        : 4
rms of residuals      (FIT_STDFIT) = sqrt(WSSR/ndf)    : 0.193966
variance of residuals (reduced chisquare) = WSSR/ndf   : 0.037623

Final set of parameters            Asymptotic Standard Error
=======================            ==========================
A               = 6.80894e-06      +/- 2.412e-07    (3.542%)
B               = 2.92164          +/- 0.005652     (0.1935%)

correlation matrix of the fit parameters:
                A      B      
A               1.000 
B              -1.000  1.000 


*******************************************************************************
Mon Oct 19 17:18:02 2020


FIT:    data read from 'valores_propios.txt'
        format = z
        #datapoints = 6
        residuals are weighted equally (unit weight)

function used for fitting: f(x)
	f(x) = A*x**B
fitted parameters initialized with current variable values

iter      chisq       delta/lim  lambda   A             B            
   0 1.4404148600e+08   0.00e+00  6.81e+04    1.000000e-04   3.000000e+00
 717 1.5049188329e-01  -7.87e-04  6.81e-04    6.808943e-06   2.921640e+00

After 717 iterations the fit converged.
final sum of squares of residuals : 0.150492
rel. change during last iteration : -7.86597e-09

degrees of freedom    (FIT_NDF)                        : 4
rms of residuals      (FIT_STDFIT) = sqrt(WSSR/ndf)    : 0.193966
variance of residuals (reduced chisquare) = WSSR/ndf   : 0.037623

Final set of parameters            Asymptotic Standard Error
=======================            ==========================
A               = 6.80894e-06      +/- 2.412e-07    (3.542%)
B               = 2.92164          +/- 0.005652     (0.1935%)

correlation matrix of the fit parameters:
                A      B      
A               1.000 
B              -1.000  1.000 


*******************************************************************************
Mon Oct 19 17:18:55 2020


FIT:    data read from 'valores_propios.txt'
        format = z
        #datapoints = 6
        residuals are weighted equally (unit weight)

function used for fitting: f(x)
	f(x) = A*x**B
fitted parameters initialized with current variable values

iter      chisq       delta/lim  lambda   A             B            
   0 5.3050395409e+05   0.00e+00  6.81e+03    1.000000e-05   3.000000e+00
 258 1.5049188329e-01  -3.89e-04  6.81e-05    6.808943e-06   2.921640e+00

After 258 iterations the fit converged.
final sum of squares of residuals : 0.150492
rel. change during last iteration : -3.89116e-09

degrees of freedom    (FIT_NDF)                        : 4
rms of residuals      (FIT_STDFIT) = sqrt(WSSR/ndf)    : 0.193966
variance of residuals (reduced chisquare) = WSSR/ndf   : 0.037623

Final set of parameters            Asymptotic Standard Error
=======================            ==========================
A               = 6.80894e-06      +/- 2.412e-07    (3.542%)
B               = 2.92164          +/- 0.005652     (0.1935%)

correlation matrix of the fit parameters:
                A      B      
A               1.000 
B              -1.000  1.000 


*******************************************************************************
Mon Oct 19 17:24:00 2020


FIT:    data read from 'valores_propios.txt'
        format = z
        #datapoints = 6
        residuals are weighted equally (unit weight)

function used for fitting: f(x)
	f(x) = A*x**B
fitted parameters initialized with current variable values

iter      chisq       delta/lim  lambda   A             B            
   0 5.3050395409e+05   0.00e+00  6.81e+03    1.000000e-05   3.000000e+00
 258 1.5049188329e-01  -3.89e-04  6.81e-05    6.808943e-06   2.921640e+00

After 258 iterations the fit converged.
final sum of squares of residuals : 0.150492
rel. change during last iteration : -3.89116e-09

degrees of freedom    (FIT_NDF)                        : 4
rms of residuals      (FIT_STDFIT) = sqrt(WSSR/ndf)    : 0.193966
variance of residuals (reduced chisquare) = WSSR/ndf   : 0.037623

Final set of parameters            Asymptotic Standard Error
=======================            ==========================
A               = 6.80894e-06      +/- 2.412e-07    (3.542%)
B               = 2.92164          +/- 0.005652     (0.1935%)

correlation matrix of the fit parameters:
                A      B      
A               1.000 
B              -1.000  1.000 


*******************************************************************************
Tue Oct 20 05:47:33 2020


FIT:    data read from 'valores_propios.txt'
        format = z
        #datapoints = 7
        residuals are weighted equally (unit weight)

function used for fitting: f(x)
	f(x) = A*x**B
fitted parameters initialized with current variable values

iter      chisq       delta/lim  lambda   A             B            
   0 3.7748128372e+07   0.00e+00  5.64e+04    1.000000e-05   3.000000e+00
 193 1.4628634207e+00  -1.39e-03  5.64e-04    6.168627e-06   2.933658e+00

After 193 iterations the fit converged.
final sum of squares of residuals : 1.46286
rel. change during last iteration : -1.39029e-08

degrees of freedom    (FIT_NDF)                        : 5
rms of residuals      (FIT_STDFIT) = sqrt(WSSR/ndf)    : 0.5409
variance of residuals (reduced chisquare) = WSSR/ndf   : 0.292573

Final set of parameters            Asymptotic Standard Error
=======================            ==========================
A               = 6.16863e-06      +/- 6.416e-08    (1.04%)
B               = 2.93366          +/- 0.001493     (0.05089%)

correlation matrix of the fit parameters:
                A      B      
A               1.000 
B              -1.000  1.000 


*******************************************************************************
Tue Oct 20 09:06:06 2020


FIT:    data read from 'valores_propios.txt'
        format = z
        #datapoints = 7
        residuals are weighted equally (unit weight)

function used for fitting: f(x)
	f(x) = A*x**B
fitted parameters initialized with current variable values

iter      chisq       delta/lim  lambda   A             B            
   0 3.7748128372e+07   0.00e+00  5.64e+04    1.000000e-05   3.000000e+00
 193 1.4628634207e+00  -1.39e-03  5.64e-04    6.168627e-06   2.933658e+00

After 193 iterations the fit converged.
final sum of squares of residuals : 1.46286
rel. change during last iteration : -1.39029e-08

degrees of freedom    (FIT_NDF)                        : 5
rms of residuals      (FIT_STDFIT) = sqrt(WSSR/ndf)    : 0.5409
variance of residuals (reduced chisquare) = WSSR/ndf   : 0.292573

Final set of parameters            Asymptotic Standard Error
=======================            ==========================
A               = 6.16863e-06      +/- 6.416e-08    (1.04%)
B               = 2.93366          +/- 0.001493     (0.05089%)

correlation matrix of the fit parameters:
                A      B      
A               1.000 
B              -1.000  1.000 


*******************************************************************************
Tue Oct 20 09:08:33 2020


FIT:    data read from 'valores_propios.txt'
        format = z
        #datapoints = 7
        residuals are weighted equally (unit weight)

function used for fitting: f(x)
	f(x) = A*x**B
fitted parameters initialized with current variable values

iter      chisq       delta/lim  lambda   A             B            
   0 8.5644836832e+06   0.00e+00  5.64e+03    1.000000e-06   3.000000e+00
 311 1.4628634209e+00  -1.00e-02  5.64e-05    6.168627e-06   2.933658e+00

After 311 iterations the fit converged.
final sum of squares of residuals : 1.46286
rel. change during last iteration : -1.00346e-07

degrees of freedom    (FIT_NDF)                        : 5
rms of residuals      (FIT_STDFIT) = sqrt(WSSR/ndf)    : 0.5409
variance of residuals (reduced chisquare) = WSSR/ndf   : 0.292573

Final set of parameters            Asymptotic Standard Error
=======================            ==========================
A               = 6.16863e-06      +/- 6.416e-08    (1.04%)
B               = 2.93366          +/- 0.001493     (0.05089%)

correlation matrix of the fit parameters:
                A      B      
A               1.000 
B              -1.000  1.000 
